Build started 7/12/2013 8:00:33 PM.
     1>Project "C:\Users\Eric\code\game\maki-engine\D3DRenderCore.vcxproj" on node 3 (Build target(s)).
     1>ClCompile:
         C:\Program Files (x86)\Microsoft Visual Studio 11.0\VC\bin\CL.exe /c /Isrc /I"deps/SDL2-2.0.0/include" /ZI /nologo /W3 /WX- /Od /Oy- /D WIN32 /D EXPORT_MAKI_D3DRENDERCORE_API /D _DEBUG /D _WINDOWS /D _USRDLL /D D3DRENDERCORE_EXPORTS /D _WINDLL /D _UNICODE /D UNICODE /Gm /EHsc /RTC1 /MDd /GS /fp:precise /Zc:wchar_t /Zc:forScope /Yc"d3drendercore/d3drendercore_stdafx.h" /Fp"intermediate/Debug_d3drendercore/MakiD3DRenderCore.pch" /Fo"intermediate/Debug_d3drendercore/" /Fd"intermediate/Debug_d3drendercore/vc110.pdb" /Gd /TP /analyze- /errorReport:prompt src\d3drendercore\d3drendercore_stdafx.cpp
         d3drendercore_stdafx.cpp
         C:\Program Files (x86)\Microsoft Visual Studio 11.0\VC\bin\CL.exe /c /Isrc /I"deps/SDL2-2.0.0/include" /ZI /nologo /W3 /WX- /Od /Oy- /D WIN32 /D EXPORT_MAKI_D3DRENDERCORE_API /D _DEBUG /D _WINDOWS /D _USRDLL /D D3DRENDERCORE_EXPORTS /D _WINDLL /D _UNICODE /D UNICODE /Gm /EHsc /RTC1 /MDd /GS /fp:precise /Zc:wchar_t /Zc:forScope /Yu"d3drendercore/d3drendercore_stdafx.h" /Fp"intermediate/Debug_d3drendercore/MakiD3DRenderCore.pch" /Fo"intermediate/Debug_d3drendercore/" /Fd"intermediate/Debug_d3drendercore/vc110.pdb" /Gd /TP /analyze- /errorReport:prompt src\d3drendercore\MakiD3DCommon.cpp src\d3drendercore\MakiD3DGPUTypes.cpp src\d3drendercore\MakiD3DRenderCore.cpp
         MakiD3DRenderCore.cpp
         MakiD3DGPUTypes.cpp
         MakiD3DCommon.cpp
         Generating Code...
       Link:
         C:\Program Files (x86)\Microsoft Visual Studio 11.0\VC\bin\link.exe /ERRORREPORT:PROMPT /OUT:"bin/Debug/MakiD3DRenderCore.dll" /INCREMENTAL /NOLOGO /LIBPATH:bin/Debug /LIBPATH:"deps/SDL2-2.0.0/lib/x86" kernel32.lib user32.lib gdi32.lib winspool.lib comdlg32.lib advapi32.lib shell32.lib ole32.lib oleaut32.lib uuid.lib odbc32.lib odbccp32.lib /MANIFEST /MANIFESTUAC:"level='asInvoker' uiAccess='false'" /manifest:embed /DEBUG /PDB:"bin/Debug/MakiD3DRenderCore.pdb" /SUBSYSTEM:WINDOWS /TLBID:1 /DYNAMICBASE /NXCOMPAT /IMPLIB:"bin/Debug/MakiD3DRenderCore.lib" /MACHINE:X86 /DLL intermediate/Debug_d3drendercore/d3drendercore_stdafx.obj
         intermediate/Debug_d3drendercore/DDSTextureLoader.obj
         intermediate/Debug_d3drendercore/MakiD3DCommon.obj
         intermediate/Debug_d3drendercore/MakiD3DGPUTypes.obj
         intermediate/Debug_d3drendercore/MakiD3DRenderCore.obj
            Creating library bin/Debug/MakiD3DRenderCore.lib and object bin/Debug/MakiD3DRenderCore.exp
         D3DRenderCore.vcxproj -> C:\Users\Eric\code\game\maki-engine\bin/Debug/MakiD3DRenderCore.dll
     1>Done Building Project "C:\Users\Eric\code\game\maki-engine\D3DRenderCore.vcxproj" (Build target(s)).

Build succeeded.

Time Elapsed 00:00:03.87
