C:\USERS\ERIC\CODE\GAME\MAKI-ENGINE\INTERMEDIATE\DEBUG_D3DRENDERCORE\DDSTEXTURELOADER.OBJ
C:\USERS\ERIC\CODE\GAME\MAKI-ENGINE\INTERMEDIATE\DEBUG_D3DRENDERCORE\MAKID3DCOMMON.OBJ
C:\USERS\ERIC\CODE\GAME\MAKI-ENGINE\INTERMEDIATE\DEBUG_D3DRENDERCORE\MAKID3DGPUTYPES.OBJ
C:\USERS\ERIC\CODE\GAME\MAKI-ENGINE\INTERMEDIATE\DEBUG_D3DRENDERCORE\MAKID3DRENDERCORE.OBJ
C:\USERS\ERIC\CODE\GAME\MAKI-ENGINE\INTERMEDIATE\DEBUG_D3DRENDERCORE\VC110.PDB
C:\Users\Eric\code\game\maki-engine\intermediate\Debug_d3drendercore\DDSTextureLoader.obj
C:\Users\Eric\code\game\maki-engine\intermediate\Debug_d3drendercore\MakiD3DCommon.obj
C:\Users\Eric\code\game\maki-engine\intermediate\Debug_d3drendercore\MakiD3DGPUTypes.obj
C:\Users\Eric\code\game\maki-engine\intermediate\Debug_d3drendercore\MakiD3DRenderCore.obj
C:\Users\Eric\code\game\maki-engine\intermediate\Debug_d3drendercore\cl.command.1.tlog
C:\Users\Eric\code\game\maki-engine\intermediate\Debug_d3drendercore\CL.read.1.tlog
C:\Users\Eric\code\game\maki-engine\intermediate\Debug_d3drendercore\CL.write.1.tlog
C:\Users\Eric\code\game\maki-engine\intermediate\Debug_d3drendercore\link-cvtres.read.1.tlog
C:\Users\Eric\code\game\maki-engine\intermediate\Debug_d3drendercore\link-cvtres.write.1.tlog
C:\Users\Eric\code\game\maki-engine\intermediate\Debug_d3drendercore\link-rc.read.1.tlog
C:\Users\Eric\code\game\maki-engine\intermediate\Debug_d3drendercore\link-rc.write.1.tlog
C:\Users\Eric\code\game\maki-engine\intermediate\Debug_d3drendercore\link.command.1.tlog
C:\Users\Eric\code\game\maki-engine\intermediate\Debug_d3drendercore\link.read.1.tlog
C:\Users\Eric\code\game\maki-engine\intermediate\Debug_d3drendercore\link.write.1.tlog
C:\Users\Eric\code\game\maki-engine\intermediate\Debug_d3drendercore\vc110.idb
C:\Users\Eric\code\game\maki-engine\intermediate\Debug_d3drendercore\vc110.pdb
