C:\USERS\ERIC\CODE\GAME\MAKI-ENGINE\INTERMEDIATE\DEBUG_OGLRENDERCORE\MAKIOGLRENDERCORE.PCH
C:\USERS\ERIC\CODE\GAME\MAKI-ENGINE\INTERMEDIATE\DEBUG_OGLRENDERCORE\VC110.PDB
C:\USERS\ERIC\CODE\GAME\MAKI-ENGINE\INTERMEDIATE\DEBUG_OGLRENDERCORE\OGLRENDERCORE_STDAFX.OBJ
C:\USERS\ERIC\CODE\GAME\MAKI-ENGINE\INTERMEDIATE\DEBUG_OGLRENDERCORE\MAKIOGLCOMMON.OBJ
C:\USERS\ERIC\CODE\GAME\MAKI-ENGINE\INTERMEDIATE\DEBUG_OGLRENDERCORE\MAKIOGLGPUTYPES.OBJ
C:\USERS\ERIC\CODE\GAME\MAKI-ENGINE\INTERMEDIATE\DEBUG_OGLRENDERCORE\MAKIOGLRENDERCORE.OBJ
C:\USERS\ERIC\CODE\GAME\MAKI-ENGINE\BIN\DEBUG\MAKIOGLRENDERCORE.ILK
C:\USERS\ERIC\CODE\GAME\MAKI-ENGINE\BIN\DEBUG\MAKIOGLRENDERCORE.DLL
C:\USERS\ERIC\CODE\GAME\MAKI-ENGINE\BIN\DEBUG\MAKIOGLRENDERCORE.PDB
C:\Users\Eric\code\game\maki-engine\bin\Debug\MakiOGLRenderCore.lib
C:\Users\Eric\code\game\maki-engine\bin\Debug\MakiOGLRenderCore.exp
C:\Users\Eric\code\game\maki-engine\intermediate\Debug_oglrendercore\MakiOGLCommon.obj
C:\Users\Eric\code\game\maki-engine\intermediate\Debug_oglrendercore\MakiOGLGPUTypes.obj
C:\Users\Eric\code\game\maki-engine\intermediate\Debug_oglrendercore\MakiOGLRenderCore.obj
C:\Users\Eric\code\game\maki-engine\intermediate\Debug_oglrendercore\oglrendercore_stdafx.obj
C:\Users\Eric\code\game\maki-engine\intermediate\Debug_oglrendercore\cl.command.1.tlog
C:\Users\Eric\code\game\maki-engine\intermediate\Debug_oglrendercore\CL.read.1.tlog
C:\Users\Eric\code\game\maki-engine\intermediate\Debug_oglrendercore\CL.write.1.tlog
C:\Users\Eric\code\game\maki-engine\intermediate\Debug_oglrendercore\link-cvtres.read.1.tlog
C:\Users\Eric\code\game\maki-engine\intermediate\Debug_oglrendercore\link-cvtres.write.1.tlog
C:\Users\Eric\code\game\maki-engine\intermediate\Debug_oglrendercore\link-rc.read.1.tlog
C:\Users\Eric\code\game\maki-engine\intermediate\Debug_oglrendercore\link-rc.write.1.tlog
C:\Users\Eric\code\game\maki-engine\intermediate\Debug_oglrendercore\link.1052-cvtres.read.1.tlog
C:\Users\Eric\code\game\maki-engine\intermediate\Debug_oglrendercore\link.1052-cvtres.write.1.tlog
C:\Users\Eric\code\game\maki-engine\intermediate\Debug_oglrendercore\link.1052-rc.read.1.tlog
C:\Users\Eric\code\game\maki-engine\intermediate\Debug_oglrendercore\link.1052-rc.write.1.tlog
C:\Users\Eric\code\game\maki-engine\intermediate\Debug_oglrendercore\link.1052.read.1.tlog
C:\Users\Eric\code\game\maki-engine\intermediate\Debug_oglrendercore\link.1052.write.1.tlog
C:\Users\Eric\code\game\maki-engine\intermediate\Debug_oglrendercore\link.12476-cvtres.read.1.tlog
C:\Users\Eric\code\game\maki-engine\intermediate\Debug_oglrendercore\link.12476-cvtres.write.1.tlog
C:\Users\Eric\code\game\maki-engine\intermediate\Debug_oglrendercore\link.12476-rc.read.1.tlog
C:\Users\Eric\code\game\maki-engine\intermediate\Debug_oglrendercore\link.12476-rc.write.1.tlog
C:\Users\Eric\code\game\maki-engine\intermediate\Debug_oglrendercore\link.12476.read.1.tlog
C:\Users\Eric\code\game\maki-engine\intermediate\Debug_oglrendercore\link.12476.write.1.tlog
C:\Users\Eric\code\game\maki-engine\intermediate\Debug_oglrendercore\link.18352-cvtres.read.1.tlog
C:\Users\Eric\code\game\maki-engine\intermediate\Debug_oglrendercore\link.18352-cvtres.write.1.tlog
C:\Users\Eric\code\game\maki-engine\intermediate\Debug_oglrendercore\link.18352-rc.read.1.tlog
C:\Users\Eric\code\game\maki-engine\intermediate\Debug_oglrendercore\link.18352-rc.write.1.tlog
C:\Users\Eric\code\game\maki-engine\intermediate\Debug_oglrendercore\link.18352.read.1.tlog
C:\Users\Eric\code\game\maki-engine\intermediate\Debug_oglrendercore\link.18352.write.1.tlog
C:\Users\Eric\code\game\maki-engine\intermediate\Debug_oglrendercore\link.19064-cvtres.read.1.tlog
C:\Users\Eric\code\game\maki-engine\intermediate\Debug_oglrendercore\link.19064-cvtres.write.1.tlog
C:\Users\Eric\code\game\maki-engine\intermediate\Debug_oglrendercore\link.19064-rc.read.1.tlog
C:\Users\Eric\code\game\maki-engine\intermediate\Debug_oglrendercore\link.19064-rc.write.1.tlog
C:\Users\Eric\code\game\maki-engine\intermediate\Debug_oglrendercore\link.19064.read.1.tlog
C:\Users\Eric\code\game\maki-engine\intermediate\Debug_oglrendercore\link.19064.write.1.tlog
C:\Users\Eric\code\game\maki-engine\intermediate\Debug_oglrendercore\link.22096-cvtres.read.1.tlog
C:\Users\Eric\code\game\maki-engine\intermediate\Debug_oglrendercore\link.22096-cvtres.write.1.tlog
C:\Users\Eric\code\game\maki-engine\intermediate\Debug_oglrendercore\link.22096-rc.read.1.tlog
C:\Users\Eric\code\game\maki-engine\intermediate\Debug_oglrendercore\link.22096-rc.write.1.tlog
C:\Users\Eric\code\game\maki-engine\intermediate\Debug_oglrendercore\link.22096.read.1.tlog
C:\Users\Eric\code\game\maki-engine\intermediate\Debug_oglrendercore\link.22096.write.1.tlog
C:\Users\Eric\code\game\maki-engine\intermediate\Debug_oglrendercore\link.6760-cvtres.read.1.tlog
C:\Users\Eric\code\game\maki-engine\intermediate\Debug_oglrendercore\link.6760-cvtres.write.1.tlog
C:\Users\Eric\code\game\maki-engine\intermediate\Debug_oglrendercore\link.6760-rc.read.1.tlog
C:\Users\Eric\code\game\maki-engine\intermediate\Debug_oglrendercore\link.6760-rc.write.1.tlog
C:\Users\Eric\code\game\maki-engine\intermediate\Debug_oglrendercore\link.6760.read.1.tlog
C:\Users\Eric\code\game\maki-engine\intermediate\Debug_oglrendercore\link.6760.write.1.tlog
C:\Users\Eric\code\game\maki-engine\intermediate\Debug_oglrendercore\link.command.1.tlog
C:\Users\Eric\code\game\maki-engine\intermediate\Debug_oglrendercore\link.read.1.tlog
C:\Users\Eric\code\game\maki-engine\intermediate\Debug_oglrendercore\link.write.1.tlog
C:\Users\Eric\code\game\maki-engine\intermediate\Debug_oglrendercore\OGLRenderCore.write.1.tlog
C:\Users\Eric\code\game\maki-engine\intermediate\Debug_oglrendercore\MakiOGLRenderCore.pch
C:\Users\Eric\code\game\maki-engine\intermediate\Debug_oglrendercore\vc110.idb
C:\Users\Eric\code\game\maki-engine\intermediate\Debug_oglrendercore\vc110.pdb
C:\Users\Eric\code\game\maki-engine\bin/Debug/MakiOGLRenderCore.dll
